java.lang.RuntimeException: generate oucur error,templateFile is:java/${basepackage_dir}/controller/${className}Controller.java => /Users/oker/work/workspace0/barber/src/main/java/cn/jzteam/barber/controller/TaskController.java cause:freemarker.template.TemplateException: Expected hash. className evaluated instead to freemarker.template.SimpleScalar on line 16, column 39 in java/${basepackage_dir}/controller/${className}Controller.java.
	at cn.org.rapid_framework.generator.Generator$TemplateProcessor.executeGenerate(Generator.java:352)
	at cn.org.rapid_framework.generator.Generator$TemplateProcessor.access$100(Generator.java:308)
	at cn.org.rapid_framework.generator.Generator.scanTemplatesAndProcess(Generator.java:288)
	at cn.org.rapid_framework.generator.Generator.processTemplateRootDirs(Generator.java:216)
	at cn.org.rapid_framework.generator.Generator.generateBy(Generator.java:179)
	at cn.org.rapid_framework.generator.GeneratorFacade$ProcessUtils.processByTable(GeneratorFacade.java:275)
	at cn.org.rapid_framework.generator.GeneratorFacade$ProcessUtils.processByTable(GeneratorFacade.java:243)
	at cn.org.rapid_framework.generator.GeneratorFacade.generateByTable(GeneratorFacade.java:122)
	at cn.jzteam.dao.generate.GeneratorMain.main(GeneratorMain.java:27)
Caused by: freemarker.template.TemplateException: Expected hash. className evaluated instead to freemarker.template.SimpleScalar on line 16, column 39 in java/${basepackage_dir}/controller/${className}Controller.java.
	at freemarker.core.TemplateObject.invalidTypeException(TemplateObject.java:135)
	at freemarker.core.Dot._getAsTemplateModel(Dot.java:78)
	at freemarker.core.Expression.getAsTemplateModel(Expression.java:89)
	at freemarker.core.Expression.getStringValue(Expression.java:93)
	at freemarker.core.DollarVariable.accept(DollarVariable.java:76)
	at freemarker.core.Environment.visit(Environment.java:210)
	at freemarker.core.MixedContent.accept(MixedContent.java:92)
	at freemarker.core.Environment.visit(Environment.java:210)
	at freemarker.core.Environment.process(Environment.java:190)
	at freemarker.template.Template.process(Template.java:237)
	at cn.org.rapid_framework.generator.Generator$TemplateProcessor.processTemplateForGeneratorControl(Generator.java:388)
	at cn.org.rapid_framework.generator.Generator$TemplateProcessor.executeGenerate(Generator.java:340)
	... 8 more
